<?xml version="1.0" encoding="UTF-8"?>
<!-- Generated by org.testng.reporters.JUnitXMLReporter -->
<testsuite hostname="maxpro11" ignored="4" name="Test" tests="6" failures="0" timestamp="08 Jan 2018 09:45:44 GMT" time="221.629" errors="0">
  <testcase name="loginLogOut" time="24.098" classname="testcases.TC001_LoginLogOut"/>
  <testcase name="loginLogOut" time="22.838" classname="testcases.TC001_LoginLogOut"/>
  <testcase name="loginLogOut" time="20.428" classname="testcases.TC001_Loginnegative"/>
  <testcase name="loginLogOut" time="21.161" classname="testcases.TC001_Loginnegative"/>
  <testcase name="loginLogOut" time="19.629" classname="testcases.TC001_Loginnegative"/>
  <testcase name="loginLogOut" time="19.897" classname="testcases.TC001_Loginnegative"/>
  <testcase name="@BeforeTest beforeTest" time="0.0" classname="wrappers.LeafTapsWrappers">
    <ignored/>
  </testcase> <!-- @BeforeTest beforeTest -->
  <testcase name="@AfterSuite afterSuite" time="0.0" classname="wrappers.LeafTapsWrappers">
    <ignored/>
  </testcase> <!-- @AfterSuite afterSuite -->
  <testcase name="@BeforeSuite beforeSuite" time="0.0" classname="wrappers.LeafTapsWrappers">
    <ignored/>
  </testcase> <!-- @BeforeSuite beforeSuite -->
  <testcase name="@AfterTest afterTest" time="0.0" classname="wrappers.LeafTapsWrappers">
    <ignored/>
  </testcase> <!-- @AfterTest afterTest -->
</testsuite> <!-- Test -->
