<?xml version="1.0" encoding="UTF-8"?>
<!-- Generated by org.testng.reporters.JUnitXMLReporter -->
<testsuite hostname="maxpro11" ignored="4" name="Leads" tests="3" failures="1" timestamp="17 Aug 2017 13:59:08 GMT" time="3.493" errors="0">
  <testcase name="@BeforeMethod beforeMethod" time="0.0" classname="wrappers.LeafTapsWrappers">
    <failure type="java.lang.RuntimeException" message="FAILED">
      <![CDATA[java.lang.RuntimeException: FAILED
	at utils.Reporter.reportStep(Reporter.java:33)
	at utils.Reporter.reportStep(Reporter.java:43)
	at wrappers.GenericWrappers.invokeApp(GenericWrappers.java:118)
	at wrappers.GenericWrappers.invokeApp(GenericWrappers.java:79)
	at wrappers.LeafTapsWrappers.beforeMethod(LeafTapsWrappers.java:33)
	at java.util.concurrent.ThreadPoolExecutor.runWorker(Unknown Source)
	at java.util.concurrent.ThreadPoolExecutor$Worker.run(Unknown Source)
	at java.lang.Thread.run(Unknown Source)
... Removed 12 stack frames]]>
    </failure>
  </testcase> <!-- @BeforeMethod beforeMethod -->
  <testcase name="@AfterMethod afterMethod" time="0.0" classname="wrappers.LeafTapsWrappers">
    <skipped/>
  </testcase> <!-- @AfterMethod afterMethod -->
  <testcase name="@BeforeMethod beforeMethod" time="0.0" classname="wrappers.LeafTapsWrappers">
    <skipped/>
  </testcase> <!-- @BeforeMethod beforeMethod -->
  <testcase name="@AfterMethod afterMethod" time="0.0" classname="wrappers.LeafTapsWrappers">
    <skipped/>
  </testcase> <!-- @AfterMethod afterMethod -->
  <testcase name="@AfterTest afterTest" time="0.0" classname="wrappers.LeafTapsWrappers">
    <skipped/>
  </testcase> <!-- @AfterTest afterTest -->
  <testcase name="loginLogOut" time="0.749" classname="testcases.TC001_Loginnegative">
    <failure type="org.testng.internal.reflect.MethodMatcherException" message="
Data provider mismatch
Method: loginLogOut([Parameter{index=0, type=java.lang.String, declaredAnnotations=[]}, Parameter{index=1, type=java.lang.String, declaredAnnotations=[]}, Parameter{index=2, type=java.lang.String, declaredAnnotations=[]}])
Arguments: [(java.lang.String)DemoSalesManager,(java.lang.String)crmsfa,(java.lang.String)TestFive,(java.lang.String)Ramesh,(java.lang.String)Ka]">
      <![CDATA[org.testng.internal.reflect.MethodMatcherException: 
Data provider mismatch
Method: loginLogOut([Parameter{index=0, type=java.lang.String, declaredAnnotations=[]}, Parameter{index=1, type=java.lang.String, declaredAnnotations=[]}, Parameter{index=2, type=java.lang.String, declaredAnnotations=[]}])
Arguments: [(java.lang.String)DemoSalesManager,(java.lang.String)crmsfa,(java.lang.String)TestFive,(java.lang.String)Ramesh,(java.lang.String)Ka]
	at java.util.concurrent.ThreadPoolExecutor.runWorker(Unknown Source)
	at java.util.concurrent.ThreadPoolExecutor$Worker.run(Unknown Source)
	at java.lang.Thread.run(Unknown Source)
... Removed 5 stack frames]]>
    </failure>
  </testcase> <!-- loginLogOut -->
  <testcase name="loginLogOut" time="0.003" classname="testcases.TC001_LoginLogOut">
    <skipped/>
  </testcase> <!-- loginLogOut -->
  <testcase name="loginLogOut" time="0.002" classname="testcases.TC001_LoginLogOut">
    <skipped/>
  </testcase> <!-- loginLogOut -->
  <testcase name="@BeforeTest beforeTest" time="0.0" classname="wrappers.LeafTapsWrappers">
    <ignored/>
  </testcase> <!-- @BeforeTest beforeTest -->
  <testcase name="@AfterSuite afterSuite" time="0.0" classname="wrappers.LeafTapsWrappers">
    <ignored/>
  </testcase> <!-- @AfterSuite afterSuite -->
  <testcase name="@BeforeSuite beforeSuite" time="0.0" classname="wrappers.LeafTapsWrappers">
    <ignored/>
  </testcase> <!-- @BeforeSuite beforeSuite -->
  <testcase name="@AfterTest afterTest" time="0.0" classname="wrappers.LeafTapsWrappers">
    <ignored/>
  </testcase> <!-- @AfterTest afterTest -->
</testsuite> <!-- Leads -->
