<?xml version="1.0" encoding="UTF-8"?>
<testng-results skipped="0" failed="2" ignored="0" total="2" passed="0">
  <reporter-output>
  </reporter-output>
  <suite name="Default suite" duration-ms="6617387" started-at="2018-01-06T11:45:52Z" finished-at="2018-01-06T13:36:09Z">
    <groups>
    </groups>
    <test name="Default test" duration-ms="6617387" started-at="2018-01-06T11:45:52Z" finished-at="2018-01-06T13:36:09Z">
      <class name="testcases.TC001_LoginLogOut">
        <test-method status="PASS" signature="beforeSuite()[pri:0, instance:testcases.TC001_LoginLogOut@ef9176]" name="beforeSuite" is-config="true" duration-ms="447" started-at="2018-01-06T17:15:51Z" finished-at="2018-01-06T17:15:52Z">
          <reporter-output>
          </reporter-output>
        </test-method> <!-- beforeSuite -->
        <test-method status="PASS" signature="beforeTest()[pri:0, instance:testcases.TC001_LoginLogOut@ef9176]" name="beforeTest" is-config="true" duration-ms="5" started-at="2018-01-06T17:15:52Z" finished-at="2018-01-06T17:15:52Z">
          <reporter-output>
          </reporter-output>
        </test-method> <!-- beforeTest -->
        <test-method status="PASS" signature="setValue()[pri:0, instance:testcases.TC001_LoginLogOut@ef9176]" name="setValue" is-config="true" duration-ms="0" started-at="2018-01-06T17:15:52Z" finished-at="2018-01-06T17:15:52Z">
          <reporter-output>
          </reporter-output>
        </test-method> <!-- setValue -->
        <test-method status="PASS" signature="beforeMethod()[pri:0, instance:testcases.TC001_LoginLogOut@ef9176]" name="beforeMethod" is-config="true" duration-ms="14055" started-at="2018-01-06T17:15:53Z" finished-at="2018-01-06T17:16:07Z">
          <reporter-output>
          </reporter-output>
        </test-method> <!-- beforeMethod -->
        <test-method status="FAIL" signature="loginLogOut(java.lang.String, java.lang.String)[pri:0, instance:testcases.TC001_LoginLogOut@ef9176]" name="loginLogOut" duration-ms="31969" started-at="2018-01-06T17:16:07Z" data-provider="fetchData" finished-at="2018-01-06T17:16:39Z">
          <params>
            <param index="0">
              <value>
                <![CDATA[gplus.bioemax@gmail.com]]>
              </value>
            </param>
            <param index="1">
              <value>
                <![CDATA[123456.0]]>
              </value>
            </param>
          </params>
          <exception class="java.lang.RuntimeException">
            <message>
              <![CDATA[FAILED]]>
            </message>
            <full-stacktrace>
              <![CDATA[java.lang.RuntimeException: FAILED
	at utils.Reporter.reportStep(Reporter.java:33)
	at utils.Reporter.reportStep(Reporter.java:43)
	at wrappers.GenericWrappers.clickByXpath(GenericWrappers.java:373)
	at pages.HomePage.CloseOfferwindow(HomePage.java:25)
	at testcases.TC001_LoginLogOut.loginLogOut(TC001_LoginLogOut.java:26)
	at sun.reflect.NativeMethodAccessorImpl.invoke0(Native Method)
	at sun.reflect.NativeMethodAccessorImpl.invoke(Unknown Source)
	at sun.reflect.DelegatingMethodAccessorImpl.invoke(Unknown Source)
	at java.lang.reflect.Method.invoke(Unknown Source)
	at org.testng.internal.MethodInvocationHelper.invokeMethod(MethodInvocationHelper.java:104)
	at org.testng.internal.Invoker.invokeMethod(Invoker.java:645)
	at org.testng.internal.Invoker.invokeTestMethod(Invoker.java:851)
	at org.testng.internal.Invoker.invokeTestMethods(Invoker.java:1177)
	at org.testng.internal.TestMethodWorker.invokeTestMethods(TestMethodWorker.java:129)
	at org.testng.internal.TestMethodWorker.run(TestMethodWorker.java:112)
	at org.testng.TestRunner.privateRun(TestRunner.java:756)
	at org.testng.TestRunner.run(TestRunner.java:610)
	at org.testng.SuiteRunner.runTest(SuiteRunner.java:387)
	at org.testng.SuiteRunner.runSequentially(SuiteRunner.java:382)
	at org.testng.SuiteRunner.privateRun(SuiteRunner.java:340)
	at org.testng.SuiteRunner.run(SuiteRunner.java:289)
	at org.testng.SuiteRunnerWorker.runSuite(SuiteRunnerWorker.java:52)
	at org.testng.SuiteRunnerWorker.run(SuiteRunnerWorker.java:86)
	at org.testng.TestNG.runSuitesSequentially(TestNG.java:1293)
	at org.testng.TestNG.runSuitesLocally(TestNG.java:1218)
	at org.testng.TestNG.runSuites(TestNG.java:1133)
	at org.testng.TestNG.run(TestNG.java:1104)
	at org.testng.remote.AbstractRemoteTestNG.run(AbstractRemoteTestNG.java:132)
	at org.testng.remote.RemoteTestNG.initAndRun(RemoteTestNG.java:236)
	at org.testng.remote.RemoteTestNG.main(RemoteTestNG.java:81)
]]>
            </full-stacktrace>
          </exception> <!-- java.lang.RuntimeException -->
          <reporter-output>
          </reporter-output>
        </test-method> <!-- loginLogOut -->
        <test-method status="PASS" signature="afterMethod()[pri:0, instance:testcases.TC001_LoginLogOut@ef9176]" name="afterMethod" is-config="true" duration-ms="121" started-at="2018-01-06T17:16:39Z" finished-at="2018-01-06T17:16:39Z">
          <reporter-output>
          </reporter-output>
        </test-method> <!-- afterMethod -->
        <test-method status="PASS" signature="beforeMethod()[pri:0, instance:testcases.TC001_LoginLogOut@ef9176]" name="beforeMethod" is-config="true" duration-ms="12917" started-at="2018-01-06T17:16:39Z" finished-at="2018-01-06T17:16:52Z">
          <reporter-output>
          </reporter-output>
        </test-method> <!-- beforeMethod -->
        <test-method status="FAIL" signature="loginLogOut(java.lang.String, java.lang.String)[pri:0, instance:testcases.TC001_LoginLogOut@ef9176]" name="loginLogOut" duration-ms="6557448" started-at="2018-01-06T17:16:52Z" data-provider="fetchData" finished-at="2018-01-06T19:06:09Z">
          <params>
            <param index="0">
              <value>
                <![CDATA[gplus.bioe.max@gmail.com]]>
              </value>
            </param>
            <param index="1">
              <value>
                <![CDATA[123456.0]]>
              </value>
            </param>
          </params>
          <exception class="java.lang.StackOverflowError">
            <full-stacktrace>
              <![CDATA[java.lang.StackOverflowError
	at java.net.SocketInputStream.socketRead0(Native Method)
	at java.net.SocketInputStream.socketRead(Unknown Source)
	at java.net.SocketInputStream.read(Unknown Source)
	at java.net.SocketInputStream.read(Unknown Source)
	at org.apache.http.impl.io.SessionInputBufferImpl.streamRead(SessionInputBufferImpl.java:137)
	at org.apache.http.impl.io.SessionInputBufferImpl.fillBuffer(SessionInputBufferImpl.java:153)
	at org.apache.http.impl.BHttpConnectionBase.fillInputBuffer(BHttpConnectionBase.java:344)
	at org.apache.http.impl.BHttpConnectionBase.isStale(BHttpConnectionBase.java:364)
	at org.apache.http.impl.conn.CPoolProxy.isStale(CPoolProxy.java:112)
	at org.apache.http.impl.execchain.MainClientExec.execute(MainClientExec.java:209)
	at org.apache.http.impl.execchain.ProtocolExec.execute(ProtocolExec.java:185)
	at org.apache.http.impl.execchain.RetryExec.execute(RetryExec.java:89)
	at org.apache.http.impl.execchain.RedirectExec.execute(RedirectExec.java:111)
	at org.apache.http.impl.client.InternalHttpClient.doExecute(InternalHttpClient.java:185)
	at org.apache.http.impl.client.CloseableHttpClient.execute(CloseableHttpClient.java:72)
	at org.apache.http.impl.client.CloseableHttpClient.execute(CloseableHttpClient.java:56)
	at org.openqa.selenium.remote.internal.ApacheHttpClient.fallBackExecute(ApacheHttpClient.java:138)
	at org.openqa.selenium.remote.internal.ApacheHttpClient.execute(ApacheHttpClient.java:86)
	at org.openqa.selenium.remote.HttpCommandExecutor.execute(HttpCommandExecutor.java:161)
	at org.openqa.selenium.remote.RemoteWebDriver.execute(RemoteWebDriver.java:601)
	at org.openqa.selenium.remote.RemoteWebDriver.execute(RemoteWebDriver.java:658)
	at org.openqa.selenium.remote.RemoteWebDriver.getScreenshotAs(RemoteWebDriver.java:343)
	at wrappers.GenericWrappers.takeSnap(GenericWrappers.java:576)
	at utils.Reporter.reportStep(Reporter.java:20)
	at utils.Reporter.reportStep(Reporter.java:43)
	at wrappers.GenericWrappers.takeSnap(GenericWrappers.java:578)
	at utils.Reporter.reportStep(Reporter.java:20)
	at utils.Reporter.reportStep(Reporter.java:43)
	at wrappers.GenericWrappers.takeSnap(GenericWrappers.java:578)
	at utils.Reporter.reportStep(Reporter.java:20)
	at utils.Reporter.reportStep(Reporter.java:43)
	at wrappers.GenericWrappers.takeSnap(GenericWrappers.java:578)
	at utils.Reporter.reportStep(Reporter.java:20)
	at utils.Reporter.reportStep(Reporter.java:43)
	at wrappers.GenericWrappers.takeSnap(GenericWrappers.java:578)
	at utils.Reporter.reportStep(Reporter.java:20)
	at utils.Reporter.reportStep(Reporter.java:43)
	at wrappers.GenericWrappers.takeSnap(GenericWrappers.java:578)
	at utils.Reporter.reportStep(Reporter.java:20)
	at utils.Reporter.reportStep(Reporter.java:43)
	at wrappers.GenericWrappers.takeSnap(GenericWrappers.java:578)
	at utils.Reporter.reportStep(Reporter.java:20)
	at utils.Reporter.reportStep(Reporter.java:43)
	at wrappers.GenericWrappers.takeSnap(GenericWrappers.java:578)
	at utils.Reporter.reportStep(Reporter.java:20)
	at utils.Reporter.reportStep(Reporter.java:43)
	at wrappers.GenericWrappers.takeSnap(GenericWrappers.java:578)
	at utils.Reporter.reportStep(Reporter.java:20)
	at utils.Reporter.reportStep(Reporter.java:43)
	at wrappers.GenericWrappers.takeSnap(GenericWrappers.java:578)
	at utils.Reporter.reportStep(Reporter.java:20)
	at utils.Reporter.reportStep(Reporter.java:43)
	at wrappers.GenericWrappers.takeSnap(GenericWrappers.java:578)
	at utils.Reporter.reportStep(Reporter.java:20)
	at utils.Reporter.reportStep(Reporter.java:43)
	at wrappers.GenericWrappers.takeSnap(GenericWrappers.java:578)
	at utils.Reporter.reportStep(Reporter.java:20)
	at utils.Reporter.reportStep(Reporter.java:43)
	at wrappers.GenericWrappers.takeSnap(GenericWrappers.java:578)
	at utils.Reporter.reportStep(Reporter.java:20)
	at utils.Reporter.reportStep(Reporter.java:43)
	at wrappers.GenericWrappers.takeSnap(GenericWrappers.java:578)
	at utils.Reporter.reportStep(Reporter.java:20)
	at utils.Reporter.reportStep(Reporter.java:43)
	at wrappers.GenericWrappers.takeSnap(GenericWrappers.java:578)
	at utils.Reporter.reportStep(Reporter.java:20)
	at utils.Reporter.reportStep(Reporter.java:43)
	at wrappers.GenericWrappers.takeSnap(GenericWrappers.java:578)
	at utils.Reporter.reportStep(Reporter.java:20)
	at utils.Reporter.reportStep(Reporter.java:43)
	at wrappers.GenericWrappers.takeSnap(GenericWrappers.java:578)
	at utils.Reporter.reportStep(Reporter.java:20)
	at utils.Reporter.reportStep(Reporter.java:43)
	at wrappers.GenericWrappers.takeSnap(GenericWrappers.java:578)
	at utils.Reporter.reportStep(Reporter.java:20)
	at utils.Reporter.reportStep(Reporter.java:43)
	at wrappers.GenericWrappers.takeSnap(GenericWrappers.java:578)
	at utils.Reporter.reportStep(Reporter.java:20)
	at utils.Reporter.reportStep(Reporter.java:43)
	at wrappers.GenericWrappers.takeSnap(GenericWrappers.java:578)
	at utils.Reporter.reportStep(Reporter.java:20)
	at utils.Reporter.reportStep(Reporter.java:43)
	at wrappers.GenericWrappers.takeSnap(GenericWrappers.java:578)
	at utils.Reporter.reportStep(Reporter.java:20)
	at utils.Reporter.reportStep(Reporter.java:43)
	at wrappers.GenericWrappers.takeSnap(GenericWrappers.java:578)
	at utils.Reporter.reportStep(Reporter.java:20)
	at utils.Reporter.reportStep(Reporter.java:43)
	at wrappers.GenericWrappers.takeSnap(GenericWrappers.java:578)
	at utils.Reporter.reportStep(Reporter.java:20)
	at utils.Reporter.reportStep(Reporter.java:43)
	at wrappers.GenericWrappers.takeSnap(GenericWrappers.java:578)
	at utils.Reporter.reportStep(Reporter.java:20)
	at utils.Reporter.reportStep(Reporter.java:43)
	at wrappers.GenericWrappers.takeSnap(GenericWrappers.java:578)
	at utils.Reporter.reportStep(Reporter.java:20)
	at utils.Reporter.reportStep(Reporter.java:43)
	at wrappers.GenericWrappers.takeSnap(GenericWrappers.java:578)
	at utils.Reporter.reportStep(Reporter.java:20)
	at utils.Reporter.reportStep(Reporter.java:43)
	at wrappers.GenericWrappers.takeSnap(GenericWrappers.java:578)
	at utils.Reporter.reportStep(Reporter.java:20)
	at utils.Reporter.reportStep(Reporter.java:43)
	at wrappers.GenericWrappers.takeSnap(GenericWrappers.java:578)
	at utils.Reporter.reportStep(Reporter.java:20)
	at utils.Reporter.reportStep(Reporter.java:43)
	at wrappers.GenericWrappers.takeSnap(GenericWrappers.java:578)
	at utils.Reporter.reportStep(Reporter.java:20)
	at utils.Reporter.reportStep(Reporter.java:43)
	at wrappers.GenericWrappers.takeSnap(GenericWrappers.java:578)
	at utils.Reporter.reportStep(Reporter.java:20)
	at utils.Reporter.reportStep(Reporter.java:43)
	at wrappers.GenericWrappers.takeSnap(GenericWrappers.java:578)
	at utils.Reporter.reportStep(Reporter.java:20)
	at utils.Reporter.reportStep(Reporter.java:43)
	at wrappers.GenericWrappers.takeSnap(GenericWrappers.java:578)
	at utils.Reporter.reportStep(Reporter.java:20)
	at utils.Reporter.reportStep(Reporter.java:43)
	at wrappers.GenericWrappers.takeSnap(GenericWrappers.java:578)
	at utils.Reporter.reportStep(Reporter.java:20)
	at utils.Reporter.reportStep(Reporter.java:43)
	at wrappers.GenericWrappers.takeSnap(GenericWrappers.java:578)
	at utils.Reporter.reportStep(Reporter.java:20)
	at utils.Reporter.reportStep(Reporter.java:43)
	at wrappers.GenericWrappers.takeSnap(GenericWrappers.java:578)
	at utils.Reporter.reportStep(Reporter.java:20)
	at utils.Reporter.reportStep(Reporter.java:43)
	at wrappers.GenericWrappers.takeSnap(GenericWrappers.java:578)
	at utils.Reporter.reportStep(Reporter.java:20)
	at utils.Reporter.reportStep(Reporter.java:43)
	at wrappers.GenericWrappers.takeSnap(GenericWrappers.java:578)
	at utils.Reporter.reportStep(Reporter.java:20)
	at utils.Reporter.reportStep(Reporter.java:43)
	at wrappers.GenericWrappers.takeSnap(GenericWrappers.java:578)
	at utils.Reporter.reportStep(Reporter.java:20)
	at utils.Reporter.reportStep(Reporter.java:43)
	at wrappers.GenericWrappers.takeSnap(GenericWrappers.java:578)
	at utils.Reporter.reportStep(Reporter.java:20)
	at utils.Reporter.reportStep(Reporter.java:43)
	at wrappers.GenericWrappers.takeSnap(GenericWrappers.java:578)
	at utils.Reporter.reportStep(Reporter.java:20)
	at utils.Reporter.reportStep(Reporter.java:43)
	at wrappers.GenericWrappers.takeSnap(GenericWrappers.java:578)
	at utils.Reporter.reportStep(Reporter.java:20)
	at utils.Reporter.reportStep(Reporter.java:43)
	at wrappers.GenericWrappers.takeSnap(GenericWrappers.java:578)
	at utils.Reporter.reportStep(Reporter.java:20)
	at utils.Reporter.reportStep(Reporter.java:43)
	at wrappers.GenericWrappers.takeSnap(GenericWrappers.java:578)
	at utils.Reporter.reportStep(Reporter.java:20)
	at utils.Reporter.reportStep(Reporter.java:43)
	at wrappers.GenericWrappers.takeSnap(GenericWrappers.java:578)
	at utils.Reporter.reportStep(Reporter.java:20)
	at utils.Reporter.reportStep(Reporter.java:43)
	at wrappers.GenericWrappers.takeSnap(GenericWrappers.java:578)
	at utils.Reporter.reportStep(Reporter.java:20)
	at utils.Reporter.reportStep(Reporter.java:43)
	at wrappers.GenericWrappers.takeSnap(GenericWrappers.java:578)
	at utils.Reporter.reportStep(Reporter.java:20)
	at utils.Reporter.reportStep(Reporter.java:43)
	at wrappers.GenericWrappers.takeSnap(GenericWrappers.java:578)
	at utils.Reporter.reportStep(Reporter.java:20)
	at utils.Reporter.reportStep(Reporter.java:43)
	at wrappers.GenericWrappers.takeSnap(GenericWrappers.java:578)
	at utils.Reporter.reportStep(Reporter.java:20)
	at utils.Reporter.reportStep(Reporter.java:43)
	at wrappers.GenericWrappers.takeSnap(GenericWrappers.java:578)
	at utils.Reporter.reportStep(Reporter.java:20)
	at utils.Reporter.reportStep(Reporter.java:43)
	at wrappers.GenericWrappers.takeSnap(GenericWrappers.java:578)
	at utils.Reporter.reportStep(Reporter.java:20)
	at utils.Reporter.reportStep(Reporter.java:43)
	at wrappers.GenericWrappers.takeSnap(GenericWrappers.java:578)
	at utils.Reporter.reportStep(Reporter.java:20)
	at utils.Reporter.reportStep(Reporter.java:43)
	at wrappers.GenericWrappers.takeSnap(GenericWrappers.java:578)
	at utils.Reporter.reportStep(Reporter.java:20)
	at utils.Reporter.reportStep(Reporter.java:43)
	at wrappers.GenericWrappers.takeSnap(GenericWrappers.java:578)
	at utils.Reporter.reportStep(Reporter.java:20)
	at utils.Reporter.reportStep(Reporter.java:43)
	at wrappers.GenericWrappers.takeSnap(GenericWrappers.java:578)
	at utils.Reporter.reportStep(Reporter.java:20)
	at utils.Reporter.reportStep(Reporter.java:43)
	at wrappers.GenericWrappers.takeSnap(GenericWrappers.java:578)
	at utils.Reporter.reportStep(Reporter.java:20)
	at utils.Reporter.reportStep(Reporter.java:43)
	at wrappers.GenericWrappers.takeSnap(GenericWrappers.java:578)
	at utils.Reporter.reportStep(Reporter.java:20)
	at utils.Reporter.reportStep(Reporter.java:43)
	at wrappers.GenericWrappers.takeSnap(GenericWrappers.java:578)
	at utils.Reporter.reportStep(Reporter.java:20)
	at utils.Reporter.reportStep(Reporter.java:43)
	at wrappers.GenericWrappers.takeSnap(GenericWrappers.java:578)
	at utils.Reporter.reportStep(Reporter.java:20)
	at utils.Reporter.reportStep(Reporter.java:43)
	at wrappers.GenericWrappers.takeSnap(GenericWrappers.java:578)
	at utils.Reporter.reportStep(Reporter.java:20)
	at utils.Reporter.reportStep(Reporter.java:43)
	at wrappers.GenericWrappers.takeSnap(GenericWrappers.java:578)
	at utils.Reporter.reportStep(Reporter.java:20)
	at utils.Reporter.reportStep(Reporter.java:43)
	at wrappers.GenericWrappers.takeSnap(GenericWrappers.java:578)
	at utils.Reporter.reportStep(Reporter.java:20)
	at utils.Reporter.reportStep(Reporter.java:43)
	at wrappers.GenericWrappers.takeSnap(GenericWrappers.java:578)
	at utils.Reporter.reportStep(Reporter.java:20)
	at utils.Reporter.reportStep(Reporter.java:43)
	at wrappers.GenericWrappers.takeSnap(GenericWrappers.java:578)
	at utils.Reporter.reportStep(Reporter.java:20)
	at utils.Reporter.reportStep(Reporter.java:43)
	at wrappers.GenericWrappers.takeSnap(GenericWrappers.java:578)
	at utils.Reporter.reportStep(Reporter.java:20)
	at utils.Reporter.reportStep(Reporter.java:43)
	at wrappers.GenericWrappers.takeSnap(GenericWrappers.java:578)
	at utils.Reporter.reportStep(Reporter.java:20)
	at utils.Reporter.reportStep(Reporter.java:43)
	at wrappers.GenericWrappers.takeSnap(GenericWrappers.java:578)
	at utils.Reporter.reportStep(Reporter.java:20)
	at utils.Reporter.reportStep(Reporter.java:43)
	at wrappers.GenericWrappers.takeSnap(GenericWrappers.java:578)
	at utils.Reporter.reportStep(Reporter.java:20)
	at utils.Reporter.reportStep(Reporter.java:43)
	at wrappers.GenericWrappers.takeSnap(GenericWrappers.java:578)
	at utils.Reporter.reportStep(Reporter.java:20)
	at utils.Reporter.reportStep(Reporter.java:43)
	at wrappers.GenericWrappers.takeSnap(GenericWrappers.java:578)
	at utils.Reporter.reportStep(Reporter.java:20)
	at utils.Reporter.reportStep(Reporter.java:43)
	at wrappers.GenericWrappers.takeSnap(GenericWrappers.java:578)
	at utils.Reporter.reportStep(Reporter.java:20)
	at utils.Reporter.reportStep(Reporter.java:43)
	at wrappers.GenericWrappers.takeSnap(GenericWrappers.java:578)
	at utils.Reporter.reportStep(Reporter.java:20)
	at utils.Reporter.reportStep(Reporter.java:43)
	at wrappers.GenericWrappers.takeSnap(GenericWrappers.java:578)
	at utils.Reporter.reportStep(Reporter.java:20)
	at utils.Reporter.reportStep(Reporter.java:43)
	at wrappers.GenericWrappers.takeSnap(GenericWrappers.java:578)
	at utils.Reporter.reportStep(Reporter.java:20)
	at utils.Reporter.reportStep(Reporter.java:43)
	at wrappers.GenericWrappers.takeSnap(GenericWrappers.java:578)
	at utils.Reporter.reportStep(Reporter.java:20)
	at utils.Reporter.reportStep(Reporter.java:43)
	at wrappers.GenericWrappers.takeSnap(GenericWrappers.java:578)
	at utils.Reporter.reportStep(Reporter.java:20)
	at utils.Reporter.reportStep(Reporter.java:43)
	at wrappers.GenericWrappers.takeSnap(GenericWrappers.java:578)
	at utils.Reporter.reportStep(Reporter.java:20)
	at utils.Reporter.reportStep(Reporter.java:43)
	at wrappers.GenericWrappers.takeSnap(GenericWrappers.java:578)
	at utils.Reporter.reportStep(Reporter.java:20)
	at utils.Reporter.reportStep(Reporter.java:43)
	at wrappers.GenericWrappers.takeSnap(GenericWrappers.java:578)
	at utils.Reporter.reportStep(Reporter.java:20)
	at utils.Reporter.reportStep(Reporter.java:43)
	at wrappers.GenericWrappers.takeSnap(GenericWrappers.java:578)
	at utils.Reporter.reportStep(Reporter.java:20)
	at utils.Reporter.reportStep(Reporter.java:43)
	at wrappers.GenericWrappers.takeSnap(GenericWrappers.java:578)
	at utils.Reporter.reportStep(Reporter.java:20)
	at utils.Reporter.reportStep(Reporter.java:43)
	at wrappers.GenericWrappers.takeSnap(GenericWrappers.java:578)
	at utils.Reporter.reportStep(Reporter.java:20)
	at utils.Reporter.reportStep(Reporter.java:43)
	at wrappers.GenericWrappers.takeSnap(GenericWrappers.java:578)
	at utils.Reporter.reportStep(Reporter.java:20)
	at utils.Reporter.reportStep(Reporter.java:43)
	at wrappers.GenericWrappers.takeSnap(GenericWrappers.java:578)
	at utils.Reporter.reportStep(Reporter.java:20)
	at utils.Reporter.reportStep(Reporter.java:43)
	at wrappers.GenericWrappers.takeSnap(GenericWrappers.java:578)
	at utils.Reporter.reportStep(Reporter.java:20)
	at utils.Reporter.reportStep(Reporter.java:43)
	at wrappers.GenericWrappers.takeSnap(GenericWrappers.java:578)
	at utils.Reporter.reportStep(Reporter.java:20)
	at utils.Reporter.reportStep(Reporter.java:43)
	at wrappers.GenericWrappers.takeSnap(GenericWrappers.java:578)
	at utils.Reporter.reportStep(Reporter.java:20)
	at utils.Reporter.reportStep(Reporter.java:43)
	at wrappers.GenericWrappers.takeSnap(GenericWrappers.java:578)
	at utils.Reporter.reportStep(Reporter.java:20)
	at utils.Reporter.reportStep(Reporter.java:43)
	at wrappers.GenericWrappers.takeSnap(GenericWrappers.java:578)
	at utils.Reporter.reportStep(Reporter.java:20)
	at utils.Reporter.reportStep(Reporter.java:43)
	at wrappers.GenericWrappers.takeSnap(GenericWrappers.java:578)
	at utils.Reporter.reportStep(Reporter.java:20)
	at utils.Reporter.reportStep(Reporter.java:43)
	at wrappers.GenericWrappers.takeSnap(GenericWrappers.java:578)
	at utils.Reporter.reportStep(Reporter.java:20)
	at utils.Reporter.reportStep(Reporter.java:43)
	at wrappers.GenericWrappers.takeSnap(GenericWrappers.java:578)
	at utils.Reporter.reportStep(Reporter.java:20)
	at utils.Reporter.reportStep(Reporter.java:43)
	at wrappers.GenericWrappers.takeSnap(GenericWrappers.java:578)
	at utils.Reporter.reportStep(Reporter.java:20)
	at utils.Reporter.reportStep(Reporter.java:43)
	at wrappers.GenericWrappers.takeSnap(GenericWrappers.java:578)
	at utils.Reporter.reportStep(Reporter.java:20)
	at utils.Reporter.reportStep(Reporter.java:43)
	at wrappers.GenericWrappers.takeSnap(GenericWrappers.java:578)
	at utils.Reporter.reportStep(Reporter.java:20)
	at utils.Reporter.reportStep(Reporter.java:43)
	at wrappers.GenericWrappers.takeSnap(GenericWrappers.java:578)
	at utils.Reporter.reportStep(Reporter.java:20)
	at utils.Reporter.reportStep(Reporter.java:43)
	at wrappers.GenericWrappers.takeSnap(GenericWrappers.java:578)
	at utils.Reporter.reportStep(Reporter.java:20)
	at utils.Reporter.reportStep(Reporter.java:43)
	at wrappers.GenericWrappers.takeSnap(GenericWrappers.java:578)
	at utils.Reporter.reportStep(Reporter.java:20)
	at utils.Reporter.reportStep(Reporter.java:43)
	at wrappers.GenericWrappers.takeSnap(GenericWrappers.java:578)
	at utils.Reporter.reportStep(Reporter.java:20)
	at utils.Reporter.reportStep(Reporter.java:43)
	at wrappers.GenericWrappers.takeSnap(GenericWrappers.java:578)
	at utils.Reporter.reportStep(Reporter.java:20)
	at utils.Reporter.reportStep(Reporter.java:43)
	at wrappers.GenericWrappers.takeSnap(GenericWrappers.java:578)
	at utils.Reporter.reportStep(Reporter.java:20)
	at utils.Reporter.reportStep(Reporter.java:43)
	at wrappers.GenericWrappers.takeSnap(GenericWrappers.java:578)
	at utils.Reporter.reportStep(Reporter.java:20)
	at utils.Reporter.reportStep(Reporter.java:43)
	at wrappers.GenericWrappers.takeSnap(GenericWrappers.java:578)
	at utils.Reporter.reportStep(Reporter.java:20)
	at utils.Reporter.reportStep(Reporter.java:43)
	at wrappers.GenericWrappers.takeSnap(GenericWrappers.java:578)
	at utils.Reporter.reportStep(Reporter.java:20)
	at utils.Reporter.reportStep(Reporter.java:43)
	at wrappers.GenericWrappers.takeSnap(GenericWrappers.java:578)
	at utils.Reporter.reportStep(Reporter.java:20)
	at utils.Reporter.reportStep(Reporter.java:43)
	at wrappers.GenericWrappers.takeSnap(GenericWrappers.java:578)
	at utils.Reporter.reportStep(Reporter.java:20)
	at utils.Reporter.reportStep(Reporter.java:43)
	at wrappers.GenericWrappers.takeSnap(GenericWrappers.java:578)
	at utils.Reporter.reportStep(Reporter.java:20)
	at utils.Reporter.reportStep(Reporter.java:43)
	at wrappers.GenericWrappers.takeSnap(GenericWrappers.java:578)
	at utils.Reporter.reportStep(Reporter.java:20)
	at utils.Reporter.reportStep(Reporter.java:43)
	at wrappers.GenericWrappers.takeSnap(GenericWrappers.java:578)
	at utils.Reporter.reportStep(Reporter.java:20)
	at utils.Reporter.reportStep(Reporter.java:43)
	at wrappers.GenericWrappers.takeSnap(GenericWrappers.java:578)
	at utils.Reporter.reportStep(Reporter.java:20)
	at utils.Reporter.reportStep(Reporter.java:43)
	at wrappers.GenericWrappers.takeSnap(GenericWrappers.java:578)
	at utils.Reporter.reportStep(Reporter.java:20)
	at utils.Reporter.reportStep(Reporter.java:43)
	at wrappers.GenericWrappers.takeSnap(GenericWrappers.java:578)
	at utils.Reporter.reportStep(Reporter.java:20)
	at utils.Reporter.reportStep(Reporter.java:43)
	at wrappers.GenericWrappers.takeSnap(GenericWrappers.java:578)
	at utils.Reporter.reportStep(Reporter.java:20)
	at utils.Reporter.reportStep(Reporter.java:43)
	at wrappers.GenericWrappers.takeSnap(GenericWrappers.java:578)
	at utils.Reporter.reportStep(Reporter.java:20)
	at utils.Reporter.reportStep(Reporter.java:43)
	at wrappers.GenericWrappers.takeSnap(GenericWrappers.java:578)
	at utils.Reporter.reportStep(Reporter.java:20)
	at utils.Reporter.reportStep(Reporter.java:43)
	at wrappers.GenericWrappers.takeSnap(GenericWrappers.java:578)
	at utils.Reporter.reportStep(Reporter.java:20)
	at utils.Reporter.reportStep(Reporter.java:43)
	at wrappers.GenericWrappers.takeSnap(GenericWrappers.java:578)
	at utils.Reporter.reportStep(Reporter.java:20)
	at utils.Reporter.reportStep(Reporter.java:43)
	at wrappers.GenericWrappers.takeSnap(GenericWrappers.java:578)
	at utils.Reporter.reportStep(Reporter.java:20)
	at utils.Reporter.reportStep(Reporter.java:43)
	at wrappers.GenericWrappers.takeSnap(GenericWrappers.java:578)
	at utils.Reporter.reportStep(Reporter.java:20)
	at utils.Reporter.reportStep(Reporter.java:43)
	at wrappers.GenericWrappers.takeSnap(GenericWrappers.java:578)
	at utils.Reporter.reportStep(Reporter.java:20)
	at utils.Reporter.reportStep(Reporter.java:43)
	at wrappers.GenericWrappers.takeSnap(GenericWrappers.java:578)
	at utils.Reporter.reportStep(Reporter.java:20)
	at utils.Reporter.reportStep(Reporter.java:43)
	at wrappers.GenericWrappers.takeSnap(GenericWrappers.java:578)
	at utils.Reporter.reportStep(Reporter.java:20)
	at utils.Reporter.reportStep(Reporter.java:43)
	at wrappers.GenericWrappers.takeSnap(GenericWrappers.java:578)
	at utils.Reporter.reportStep(Reporter.java:20)
	at utils.Reporter.reportStep(Reporter.java:43)
	at wrappers.GenericWrappers.takeSnap(GenericWrappers.java:578)
	at utils.Reporter.reportStep(Reporter.java:20)
	at utils.Reporter.reportStep(Reporter.java:43)
	at wrappers.GenericWrappers.takeSnap(GenericWrappers.java:578)
	at utils.Reporter.reportStep(Reporter.java:20)
	at utils.Reporter.reportStep(Reporter.java:43)
	at wrappers.GenericWrappers.takeSnap(GenericWrappers.java:578)
	at utils.Reporter.reportStep(Reporter.java:20)
	at utils.Reporter.reportStep(Reporter.java:43)
	at wrappers.GenericWrappers.takeSnap(GenericWrappers.java:578)
	at utils.Reporter.reportStep(Reporter.java:20)
	at utils.Reporter.reportStep(Reporter.java:43)
	at wrappers.GenericWrappers.takeSnap(GenericWrappers.java:578)
	at utils.Reporter.reportStep(Reporter.java:20)
	at utils.Reporter.reportStep(Reporter.java:43)
	at wrappers.GenericWrappers.takeSnap(GenericWrappers.java:578)
	at utils.Reporter.reportStep(Reporter.java:20)
	at utils.Reporter.reportStep(Reporter.java:43)
	at wrappers.GenericWrappers.takeSnap(GenericWrappers.java:578)
	at utils.Reporter.reportStep(Reporter.java:20)
	at utils.Reporter.reportStep(Reporter.java:43)
	at wrappers.GenericWrappers.takeSnap(GenericWrappers.java:578)
	at utils.Reporter.reportStep(Reporter.java:20)
	at utils.Reporter.reportStep(Reporter.java:43)
	at wrappers.GenericWrappers.takeSnap(GenericWrappers.java:578)
	at utils.Reporter.reportStep(Reporter.java:20)
	at utils.Reporter.reportStep(Reporter.java:43)
	at wrappers.GenericWrappers.takeSnap(GenericWrappers.java:578)
	at utils.Reporter.reportStep(Reporter.java:20)
	at utils.Reporter.reportStep(Reporter.java:43)
	at wrappers.GenericWrappers.takeSnap(GenericWrappers.java:578)
	at utils.Reporter.reportStep(Reporter.java:20)
	at utils.Reporter.reportStep(Reporter.java:43)
	at wrappers.GenericWrappers.takeSnap(GenericWrappers.java:578)
	at utils.Reporter.reportStep(Reporter.java:20)
	at utils.Reporter.reportStep(Reporter.java:43)
	at wrappers.GenericWrappers.takeSnap(GenericWrappers.java:578)
	at utils.Reporter.reportStep(Reporter.java:20)
	at utils.Reporter.reportStep(Reporter.java:43)
	at wrappers.GenericWrappers.takeSnap(GenericWrappers.java:578)
	at utils.Reporter.reportStep(Reporter.java:20)
	at utils.Reporter.reportStep(Reporter.java:43)
	at wrappers.GenericWrappers.takeSnap(GenericWrappers.java:578)
	at utils.Reporter.reportStep(Reporter.java:20)
	at utils.Reporter.reportStep(Reporter.java:43)
	at wrappers.GenericWrappers.takeSnap(GenericWrappers.java:578)
	at utils.Reporter.reportStep(Reporter.java:20)
	at utils.Reporter.reportStep(Reporter.java:43)
	at wrappers.GenericWrappers.takeSnap(GenericWrappers.java:578)
	at utils.Reporter.reportStep(Reporter.java:20)
	at utils.Reporter.reportStep(Reporter.java:43)
	at wrappers.GenericWrappers.takeSnap(GenericWrappers.java:578)
	at utils.Reporter.reportStep(Reporter.java:20)
	at utils.Reporter.reportStep(Reporter.java:43)
	at wrappers.GenericWrappers.takeSnap(GenericWrappers.java:578)
	at utils.Reporter.reportStep(Reporter.java:20)
	at utils.Reporter.reportStep(Reporter.java:43)
	at wrappers.GenericWrappers.takeSnap(GenericWrappers.java:578)
	at utils.Reporter.reportStep(Reporter.java:20)
	at utils.Reporter.reportStep(Reporter.java:43)
	at wrappers.GenericWrappers.takeSnap(GenericWrappers.java:578)
	at utils.Reporter.reportStep(Reporter.java:20)
	at utils.Reporter.reportStep(Reporter.java:43)
	at wrappers.GenericWrappers.takeSnap(GenericWrappers.java:578)
	at utils.Reporter.reportStep(Reporter.java:20)
	at utils.Reporter.reportStep(Reporter.java:43)
	at wrappers.GenericWrappers.takeSnap(GenericWrappers.java:578)
	at utils.Reporter.reportStep(Reporter.java:20)
	at utils.Reporter.reportStep(Reporter.java:43)
	at wrappers.GenericWrappers.takeSnap(GenericWrappers.java:578)
	at utils.Reporter.reportStep(Reporter.java:20)
	at utils.Reporter.reportStep(Reporter.java:43)
	at wrappers.GenericWrappers.takeSnap(GenericWrappers.java:578)
	at utils.Reporter.reportStep(Reporter.java:20)
	at utils.Reporter.reportStep(Reporter.java:43)
	at wrappers.GenericWrappers.takeSnap(GenericWrappers.java:578)
	at utils.Reporter.reportStep(Reporter.java:20)
	at utils.Reporter.reportStep(Reporter.java:43)
	at wrappers.GenericWrappers.takeSnap(GenericWrappers.java:578)
	at utils.Reporter.reportStep(Reporter.java:20)
	at utils.Reporter.reportStep(Reporter.java:43)
	at wrappers.GenericWrappers.takeSnap(GenericWrappers.java:578)
	at utils.Reporter.reportStep(Reporter.java:20)
	at utils.Reporter.reportStep(Reporter.java:43)
	at wrappers.GenericWrappers.takeSnap(GenericWrappers.java:578)
	at utils.Reporter.reportStep(Reporter.java:20)
	at utils.Reporter.reportStep(Reporter.java:43)
	at wrappers.GenericWrappers.takeSnap(GenericWrappers.java:578)
	at utils.Reporter.reportStep(Reporter.java:20)
	at utils.Reporter.reportStep(Reporter.java:43)
	at wrappers.GenericWrappers.takeSnap(GenericWrappers.java:578)
	at utils.Reporter.reportStep(Reporter.java:20)
	at utils.Reporter.reportStep(Reporter.java:43)
	at wrappers.GenericWrappers.takeSnap(GenericWrappers.java:578)
	at utils.Reporter.reportStep(Reporter.java:20)
	at utils.Reporter.reportStep(Reporter.java:43)
	at wrappers.GenericWrappers.takeSnap(GenericWrappers.java:578)
	at utils.Reporter.reportStep(Reporter.java:20)
	at utils.Reporter.reportStep(Reporter.java:43)
	at wrappers.GenericWrappers.takeSnap(GenericWrappers.java:578)
	at utils.Reporter.reportStep(Reporter.java:20)
	at utils.Reporter.reportStep(Reporter.java:43)
	at wrappers.GenericWrappers.takeSnap(GenericWrappers.java:578)
	at utils.Reporter.reportStep(Reporter.java:20)
	at utils.Reporter.reportStep(Reporter.java:43)
	at wrappers.GenericWrappers.takeSnap(GenericWrappers.java:578)
	at utils.Reporter.reportStep(Reporter.java:20)
	at utils.Reporter.reportStep(Reporter.java:43)
	at wrappers.GenericWrappers.takeSnap(GenericWrappers.java:578)
	at utils.Reporter.reportStep(Reporter.java:20)
	at utils.Reporter.reportStep(Reporter.java:43)
	at wrappers.GenericWrappers.takeSnap(GenericWrappers.java:578)
	at utils.Reporter.reportStep(Reporter.java:20)
	at utils.Reporter.reportStep(Reporter.java:43)
	at wrappers.GenericWrappers.takeSnap(GenericWrappers.java:578)
	at utils.Reporter.reportStep(Reporter.java:20)
	at utils.Reporter.reportStep(Reporter.java:43)
	at wrappers.GenericWrappers.takeSnap(GenericWrappers.java:578)
	at utils.Reporter.reportStep(Reporter.java:20)
	at utils.Reporter.reportStep(Reporter.java:43)
	at wrappers.GenericWrappers.takeSnap(GenericWrappers.java:578)
	at utils.Reporter.reportStep(Reporter.java:20)
	at utils.Reporter.reportStep(Reporter.java:43)
	at wrappers.GenericWrappers.takeSnap(GenericWrappers.java:578)
	at utils.Reporter.reportStep(Reporter.java:20)
	at utils.Reporter.reportStep(Reporter.java:43)
	at wrappers.GenericWrappers.takeSnap(GenericWrappers.java:578)
	at utils.Reporter.reportStep(Reporter.java:20)
	at utils.Reporter.reportStep(Reporter.java:43)
	at wrappers.GenericWrappers.takeSnap(GenericWrappers.java:578)
	at utils.Reporter.reportStep(Reporter.java:20)
	at utils.Reporter.reportStep(Reporter.java:43)
	at wrappers.GenericWrappers.takeSnap(GenericWrappers.java:578)
	at utils.Reporter.reportStep(Reporter.java:20)
	at utils.Reporter.reportStep(Reporter.java:43)
	at wrappers.GenericWrappers.takeSnap(GenericWrappers.java:578)
	at utils.Reporter.reportStep(Reporter.java:20)
	at utils.Reporter.reportStep(Reporter.java:43)
	at wrappers.GenericWrappers.takeSnap(GenericWrappers.java:578)
	at utils.Reporter.reportStep(Reporter.java:20)
	at utils.Reporter.reportStep(Reporter.java:43)
	at wrappers.GenericWrappers.takeSnap(GenericWrappers.java:578)
	at utils.Reporter.reportStep(Reporter.java:20)
	at utils.Reporter.reportStep(Reporter.java:43)
	at wrappers.GenericWrappers.takeSnap(GenericWrappers.java:578)
	at utils.Reporter.reportStep(Reporter.java:20)
	at utils.Reporter.reportStep(Reporter.java:43)
	at wrappers.GenericWrappers.takeSnap(GenericWrappers.java:578)
	at utils.Reporter.reportStep(Reporter.java:20)
	at utils.Reporter.reportStep(Reporter.java:43)
	at wrappers.GenericWrappers.takeSnap(GenericWrappers.java:578)
	at utils.Reporter.reportStep(Reporter.java:20)
	at utils.Reporter.reportStep(Reporter.java:43)
	at wrappers.GenericWrappers.takeSnap(GenericWrappers.java:578)
	at utils.Reporter.reportStep(Reporter.java:20)
	at utils.Reporter.reportStep(Reporter.java:43)
	at wrappers.GenericWrappers.takeSnap(GenericWrappers.java:578)
	at utils.Reporter.reportStep(Reporter.java:20)
	at utils.Reporter.reportStep(Reporter.java:43)
	at wrappers.GenericWrappers.takeSnap(GenericWrappers.java:578)
	at utils.Reporter.reportStep(Reporter.java:20)
	at utils.Reporter.reportStep(Reporter.java:43)
	at wrappers.GenericWrappers.takeSnap(GenericWrappers.java:578)
	at utils.Reporter.reportStep(Reporter.java:20)
	at utils.Reporter.reportStep(Reporter.java:43)
	at wrappers.GenericWrappers.takeSnap(GenericWrappers.java:578)
	at utils.Reporter.reportStep(Reporter.java:20)
	at utils.Reporter.reportStep(Reporter.java:43)
	at wrappers.GenericWrappers.takeSnap(GenericWrappers.java:578)
	at utils.Reporter.reportStep(Reporter.java:20)
	at utils.Reporter.reportStep(Reporter.java:43)
	at wrappers.GenericWrappers.takeSnap(GenericWrappers.java:578)
	at utils.Reporter.reportStep(Reporter.java:20)
	at utils.Reporter.reportStep(Reporter.java:43)
	at wrappers.GenericWrappers.takeSnap(GenericWrappers.java:578)
	at utils.Reporter.reportStep(Reporter.java:20)
	at utils.Reporter.reportStep(Reporter.java:43)
	at wrappers.GenericWrappers.takeSnap(GenericWrappers.java:578)
	at utils.Reporter.reportStep(Reporter.java:20)
	at utils.Reporter.reportStep(Reporter.java:43)
	at wrappers.GenericWrappers.takeSnap(GenericWrappers.java:578)
	at utils.Reporter.reportStep(Reporter.java:20)
	at utils.Reporter.reportStep(Reporter.java:43)
	at wrappers.GenericWrappers.takeSnap(GenericWrappers.java:578)
	at utils.Reporter.reportStep(Reporter.java:20)
	at utils.Reporter.reportStep(Reporter.java:43)
	at wrappers.GenericWrappers.takeSnap(GenericWrappers.java:578)
	at utils.Reporter.reportStep(Reporter.java:20)
	at utils.Reporter.reportStep(Reporter.java:43)
	at wrappers.GenericWrappers.takeSnap(GenericWrappers.java:578)
	at utils.Reporter.reportStep(Reporter.java:20)
	at utils.Reporter.reportStep(Reporter.java:43)
	at wrappers.GenericWrappers.takeSnap(GenericWrappers.java:578)
	at utils.Reporter.reportStep(Reporter.java:20)
	at utils.Reporter.reportStep(Reporter.java:43)
	at wrappers.GenericWrappers.takeSnap(GenericWrappers.java:578)
	at utils.Reporter.reportStep(Reporter.java:20)
	at utils.Reporter.reportStep(Reporter.java:43)
	at wrappers.GenericWrappers.takeSnap(GenericWrappers.java:578)
	at utils.Reporter.reportStep(Reporter.java:20)
	at utils.Reporter.reportStep(Reporter.java:43)
	at wrappers.GenericWrappers.takeSnap(GenericWrappers.java:578)
	at utils.Reporter.reportStep(Reporter.java:20)
	at utils.Reporter.reportStep(Reporter.java:43)
	at wrappers.GenericWrappers.takeSnap(GenericWrappers.java:578)
	at utils.Reporter.reportStep(Reporter.java:20)
	at utils.Reporter.reportStep(Reporter.java:43)
	at wrappers.GenericWrappers.takeSnap(GenericWrappers.java:578)
	at utils.Reporter.reportStep(Reporter.java:20)
	at utils.Reporter.reportStep(Reporter.java:43)
	at wrappers.GenericWrappers.takeSnap(GenericWrappers.java:578)
	at utils.Reporter.reportStep(Reporter.java:20)
	at utils.Reporter.reportStep(Reporter.java:43)
	at wrappers.GenericWrappers.takeSnap(GenericWrappers.java:578)
	at utils.Reporter.reportStep(Reporter.java:20)
	at utils.Reporter.reportStep(Reporter.java:43)
	at wrappers.GenericWrappers.takeSnap(GenericWrappers.java:578)
	at utils.Reporter.reportStep(Reporter.java:20)
	at utils.Reporter.reportStep(Reporter.java:43)
	at wrappers.GenericWrappers.takeSnap(GenericWrappers.java:578)
	at utils.Reporter.reportStep(Reporter.java:20)
	at utils.Reporter.reportStep(Reporter.java:43)
	at wrappers.GenericWrappers.takeSnap(GenericWrappers.java:578)
	at utils.Reporter.reportStep(Reporter.java:20)
	at utils.Reporter.reportStep(Reporter.java:43)
	at wrappers.GenericWrappers.takeSnap(GenericWrappers.java:578)
	at utils.Reporter.reportStep(Reporter.java:20)
	at utils.Reporter.reportStep(Reporter.java:43)
	at wrappers.GenericWrappers.takeSnap(GenericWrappers.java:578)
	at utils.Reporter.reportStep(Reporter.java:20)
	at utils.Reporter.reportStep(Reporter.java:43)
	at wrappers.GenericWrappers.takeSnap(GenericWrappers.java:578)
	at utils.Reporter.reportStep(Reporter.java:20)
	at utils.Reporter.reportStep(Reporter.java:43)
	at wrappers.GenericWrappers.takeSnap(GenericWrappers.java:578)
	at utils.Reporter.reportStep(Reporter.java:20)
	at utils.Reporter.reportStep(Reporter.java:43)
	at wrappers.GenericWrappers.takeSnap(GenericWrappers.java:578)
	at utils.Reporter.reportStep(Reporter.java:20)
	at utils.Reporter.reportStep(Reporter.java:43)
	at wrappers.GenericWrappers.takeSnap(GenericWrappers.java:578)
	at utils.Reporter.reportStep(Reporter.java:20)
	at utils.Reporter.reportStep(Reporter.java:43)
	at wrappers.GenericWrappers.takeSnap(GenericWrappers.java:578)
	at utils.Reporter.reportStep(Reporter.java:20)
	at utils.Reporter.reportStep(Reporter.java:43)
	at wrappers.GenericWrappers.takeSnap(GenericWrappers.java:578)
	at utils.Reporter.reportStep(Reporter.java:20)
	at utils.Reporter.reportStep(Reporter.java:43)
	at wrappers.GenericWrappers.takeSnap(GenericWrappers.java:578)
	at utils.Reporter.reportStep(Reporter.java:20)
	at utils.Reporter.reportStep(Reporter.java:43)
	at wrappers.GenericWrappers.takeSnap(GenericWrappers.java:578)
	at utils.Reporter.reportStep(Reporter.java:20)
	at utils.Reporter.reportStep(Reporter.java:43)
	at wrappers.GenericWrappers.takeSnap(GenericWrappers.java:578)
	at utils.Reporter.reportStep(Reporter.java:20)
	at utils.Reporter.reportStep(Reporter.java:43)
	at wrappers.GenericWrappers.takeSnap(GenericWrappers.java:578)
	at utils.Reporter.reportStep(Reporter.java:20)
	at utils.Reporter.reportStep(Reporter.java:43)
	at wrappers.GenericWrappers.takeSnap(GenericWrappers.java:578)
	at utils.Reporter.reportStep(Reporter.java:20)
	at utils.Reporter.reportStep(Reporter.java:43)
	at wrappers.GenericWrappers.takeSnap(GenericWrappers.java:578)
	at utils.Reporter.reportStep(Reporter.java:20)
	at utils.Reporter.reportStep(Reporter.java:43)
	at wrappers.GenericWrappers.takeSnap(GenericWrappers.java:578)
	at utils.Reporter.reportStep(Reporter.java:20)
	at utils.Reporter.reportStep(Reporter.java:43)
	at wrappers.GenericWrappers.takeSnap(GenericWrappers.java:578)
	at utils.Reporter.reportStep(Reporter.java:20)
	at utils.Reporter.reportStep(Reporter.java:43)
	at wrappers.GenericWrappers.takeSnap(GenericWrappers.java:578)
	at utils.Reporter.reportStep(Reporter.java:20)
	at utils.Reporter.reportStep(Reporter.java:43)
	at wrappers.GenericWrappers.takeSnap(GenericWrappers.java:578)
	at utils.Reporter.reportStep(Reporter.java:20)
	at utils.Reporter.reportStep(Reporter.java:43)
	at wrappers.GenericWrappers.takeSnap(GenericWrappers.java:578)
	at utils.Reporter.reportStep(Reporter.java:20)
	at utils.Reporter.reportStep(Reporter.java:43)
	at wrappers.GenericWrappers.takeSnap(GenericWrappers.java:578)
	at utils.Reporter.reportStep(Reporter.java:20)
	at utils.Reporter.reportStep(Reporter.java:43)
	at wrappers.GenericWrappers.takeSnap(GenericWrappers.java:578)
	at utils.Reporter.reportStep(Reporter.java:20)
	at utils.Reporter.reportStep(Reporter.java:43)
	at wrappers.GenericWrappers.takeSnap(GenericWrappers.java:578)
	at utils.Reporter.reportStep(Reporter.java:20)
	at utils.Reporter.reportStep(Reporter.java:43)
	at wrappers.GenericWrappers.takeSnap(GenericWrappers.java:578)
	at utils.Reporter.reportStep(Reporter.java:20)
	at utils.Reporter.reportStep(Reporter.java:43)
	at wrappers.GenericWrappers.takeSnap(GenericWrappers.java:578)
	at utils.Reporter.reportStep(Reporter.java:20)
	at utils.Reporter.reportStep(Reporter.java:43)
	at wrappers.GenericWrappers.takeSnap(GenericWrappers.java:578)
	at utils.Reporter.reportStep(Reporter.java:20)
	at utils.Reporter.reportStep(Reporter.java:43)
	at wrappers.GenericWrappers.takeSnap(GenericWrappers.java:578)
	at utils.Reporter.reportStep(Reporter.java:20)
	at utils.Reporter.reportStep(Reporter.java:43)
	at wrappers.GenericWrappers.takeSnap(GenericWrappers.java:578)
	at utils.Reporter.reportStep(Reporter.java:20)
	at utils.Reporter.reportStep(Reporter.java:43)
	at wrappers.GenericWrappers.takeSnap(GenericWrappers.java:578)
	at utils.Reporter.reportStep(Reporter.java:20)
	at utils.Reporter.reportStep(Reporter.java:43)
	at wrappers.GenericWrappers.takeSnap(GenericWrappers.java:578)
	at utils.Reporter.reportStep(Reporter.java:20)
	at utils.Reporter.reportStep(Reporter.java:43)
	at wrappers.GenericWrappers.takeSnap(GenericWrappers.java:578)
	at utils.Reporter.reportStep(Reporter.java:20)
	at utils.Reporter.reportStep(Reporter.java:43)
	at wrappers.GenericWrappers.takeSnap(GenericWrappers.java:578)
	at utils.Reporter.reportStep(Reporter.java:20)
	at utils.Reporter.reportStep(Reporter.java:43)
	at wrappers.GenericWrappers.takeSnap(GenericWrappers.java:578)
	at utils.Reporter.reportStep(Reporter.java:20)
	at utils.Reporter.reportStep(Reporter.java:43)
	at wrappers.GenericWrappers.takeSnap(GenericWrappers.java:578)
	at utils.Reporter.reportStep(Reporter.java:20)
	at utils.Reporter.reportStep(Reporter.java:43)
	at wrappers.GenericWrappers.takeSnap(GenericWrappers.java:578)
	at utils.Reporter.reportStep(Reporter.java:20)
	at utils.Reporter.reportStep(Reporter.java:43)
	at wrappers.GenericWrappers.takeSnap(GenericWrappers.java:578)
	at utils.Reporter.reportStep(Reporter.java:20)
	at utils.Reporter.reportStep(Reporter.java:43)
	at wrappers.GenericWrappers.takeSnap(GenericWrappers.java:578)
	at utils.Reporter.reportStep(Reporter.java:20)
	at utils.Reporter.reportStep(Reporter.java:43)
	at wrappers.GenericWrappers.takeSnap(GenericWrappers.java:578)
	at utils.Reporter.reportStep(Reporter.java:20)
	at utils.Reporter.reportStep(Reporter.java:43)
	at wrappers.GenericWrappers.takeSnap(GenericWrappers.java:578)
	at utils.Reporter.reportStep(Reporter.java:20)
	at utils.Reporter.reportStep(Reporter.java:43)
	at wrappers.GenericWrappers.takeSnap(GenericWrappers.java:578)
	at utils.Reporter.reportStep(Reporter.java:20)
	at utils.Reporter.reportStep(Reporter.java:43)
	at wrappers.GenericWrappers.takeSnap(GenericWrappers.java:578)
	at utils.Reporter.reportStep(Reporter.java:20)
	at utils.Reporter.reportStep(Reporter.java:43)
	at wrappers.GenericWrappers.takeSnap(GenericWrappers.java:578)
	at utils.Reporter.reportStep(Reporter.java:20)
	at utils.Reporter.reportStep(Reporter.java:43)
	at wrappers.GenericWrappers.takeSnap(GenericWrappers.java:578)
	at utils.Reporter.reportStep(Reporter.java:20)
	at utils.Reporter.reportStep(Reporter.java:43)
	at wrappers.GenericWrappers.takeSnap(GenericWrappers.java:578)
	at utils.Reporter.reportStep(Reporter.java:20)
	at utils.Reporter.reportStep(Reporter.java:43)
	at wrappers.GenericWrappers.takeSnap(GenericWrappers.java:578)
	at utils.Reporter.reportStep(Reporter.java:20)
	at utils.Reporter.reportStep(Reporter.java:43)
	at wrappers.GenericWrappers.takeSnap(GenericWrappers.java:578)
	at utils.Reporter.reportStep(Reporter.java:20)
	at utils.Reporter.reportStep(Reporter.java:43)
	at wrappers.GenericWrappers.takeSnap(GenericWrappers.java:578)
	at utils.Reporter.reportStep(Reporter.java:20)
	at utils.Reporter.reportStep(Reporter.java:43)
	at wrappers.GenericWrappers.takeSnap(GenericWrappers.java:578)
	at utils.Reporter.reportStep(Reporter.java:20)
	at utils.Reporter.reportStep(Reporter.java:43)
	at wrappers.GenericWrappers.takeSnap(GenericWrappers.java:578)
	at utils.Reporter.reportStep(Reporter.java:20)
	at utils.Reporter.reportStep(Reporter.java:43)
	at wrappers.GenericWrappers.takeSnap(GenericWrappers.java:578)
	at utils.Reporter.reportStep(Reporter.java:20)
	at utils.Reporter.reportStep(Reporter.java:43)
	at wrappers.GenericWrappers.takeSnap(GenericWrappers.java:578)
	at utils.Reporter.reportStep(Reporter.java:20)
	at utils.Reporter.reportStep(Reporter.java:43)
	at wrappers.GenericWrappers.takeSnap(GenericWrappers.java:578)
	at utils.Reporter.reportStep(Reporter.java:20)
	at utils.Reporter.reportStep(Reporter.java:43)
	at wrappers.GenericWrappers.takeSnap(GenericWrappers.java:578)
	at utils.Reporter.reportStep(Reporter.java:20)
	at utils.Reporter.reportStep(Reporter.java:43)
	at wrappers.GenericWrappers.takeSnap(GenericWrappers.java:578)
	at utils.Reporter.reportStep(Reporter.java:20)
	at utils.Reporter.reportStep(Reporter.java:43)
	at wrappers.GenericWrappers.takeSnap(GenericWrappers.java:578)
	at utils.Reporter.reportStep(Reporter.java:20)
	at utils.Reporter.reportStep(Reporter.java:43)
	at wrappers.GenericWrappers.takeSnap(GenericWrappers.java:578)
	at utils.Reporter.reportStep(Reporter.java:20)
	at utils.Reporter.reportStep(Reporter.java:43)
	at wrappers.GenericWrappers.takeSnap(GenericWrappers.java:578)
	at utils.Reporter.reportStep(Reporter.java:20)
	at utils.Reporter.reportStep(Reporter.java:43)
	at wrappers.GenericWrappers.takeSnap(GenericWrappers.java:578)
	at utils.Reporter.reportStep(Reporter.java:20)
	at utils.Reporter.reportStep(Reporter.java:43)
	at wrappers.GenericWrappers.takeSnap(GenericWrappers.java:578)
	at utils.Reporter.reportStep(Reporter.java:20)
	at utils.Reporter.reportStep(Reporter.java:43)
	at wrappers.GenericWrappers.takeSnap(GenericWrappers.java:578)
	at utils.Reporter.reportStep(Reporter.java:20)
	at utils.Reporter.reportStep(Reporter.java:43)
	at wrappers.GenericWrappers.takeSnap(GenericWrappers.java:578)
	at utils.Reporter.reportStep(Reporter.java:20)
	at utils.Reporter.reportStep(Reporter.java:43)
	at wrappers.GenericWrappers.takeSnap(GenericWrappers.java:578)
	at utils.Reporter.reportStep(Reporter.java:20)
	at utils.Reporter.reportStep(Reporter.java:43)
	at wrappers.GenericWrappers.takeSnap(GenericWrappers.java:578)
	at utils.Reporter.reportStep(Reporter.java:20)
	at utils.Reporter.reportStep(Reporter.java:43)
	at wrappers.GenericWrappers.takeSnap(GenericWrappers.java:578)
	at utils.Reporter.reportStep(Reporter.java:20)
	at utils.Reporter.reportStep(Reporter.java:43)
	at wrappers.GenericWrappers.takeSnap(GenericWrappers.java:578)
	at utils.Reporter.reportStep(Reporter.java:20)
	at utils.Reporter.reportStep(Reporter.java:43)
	at wrappers.GenericWrappers.takeSnap(GenericWrappers.java:578)
	at utils.Reporter.reportStep(Reporter.java:20)
	at utils.Reporter.reportStep(Reporter.java:43)
	at wrappers.GenericWrappers.takeSnap(GenericWrappers.java:578)
	at utils.Reporter.reportStep(Reporter.java:20)
	at utils.Reporter.reportStep(Reporter.java:43)
	at wrappers.GenericWrappers.takeSnap(GenericWrappers.java:578)
	at utils.Reporter.reportStep(Reporter.java:20)
	at utils.Reporter.reportStep(Reporter.java:43)
	at wrappers.GenericWrappers.takeSnap(GenericWrappers.java:578)
	at utils.Reporter.reportStep(Reporter.java:20)
	at utils.Reporter.reportStep(Reporter.java:43)
	at wrappers.GenericWrappers.takeSnap(GenericWrappers.java:578)
	at utils.Reporter.reportStep(Reporter.java:20)
	at utils.Reporter.reportStep(Reporter.java:43)
	at wrappers.GenericWrappers.takeSnap(GenericWrappers.java:578)
	at utils.Reporter.reportStep(Reporter.java:20)
	at utils.Reporter.reportStep(Reporter.java:43)
	at wrappers.GenericWrappers.takeSnap(GenericWrappers.java:578)
	at utils.Reporter.reportStep(Reporter.java:20)
	at utils.Reporter.reportStep(Reporter.java:43)
	at wrappers.GenericWrappers.takeSnap(GenericWrappers.java:578)
	at utils.Reporter.reportStep(Reporter.java:20)
	at utils.Reporter.reportStep(Reporter.java:43)
	at wrappers.GenericWrappers.takeSnap(GenericWrappers.java:578)
	at utils.Reporter.reportStep(Reporter.java:20)
	at utils.Reporter.reportStep(Reporter.java:43)
	at wrappers.GenericWrappers.takeSnap(GenericWrappers.java:578)
	at utils.Reporter.reportStep(Reporter.java:20)
	at utils.Reporter.reportStep(Reporter.java:43)
	at wrappers.GenericWrappers.takeSnap(GenericWrappers.java:578)
	at utils.Reporter.reportStep(Reporter.java:20)
	at utils.Reporter.reportStep(Reporter.java:43)
	at wrappers.GenericWrappers.takeSnap(GenericWrappers.java:578)
	at utils.Reporter.reportStep(Reporter.java:20)
	at utils.Reporter.reportStep(Reporter.java:43)
	at wrappers.GenericWrappers.takeSnap(GenericWrappers.java:578)
	at utils.Reporter.reportStep(Reporter.java:20)
	at utils.Reporter.reportStep(Reporter.java:43)
	at wrappers.GenericWrappers.takeSnap(GenericWrappers.java:578)
	at utils.Reporter.reportStep(Reporter.java:20)
	at utils.Reporter.reportStep(Reporter.java:43)
	at wrappers.GenericWrappers.takeSnap(GenericWrappers.java:578)
	at utils.Reporter.reportStep(Reporter.java:20)
	at utils.Reporter.reportStep(Reporter.java:43)
	at wrappers.GenericWrappers.takeSnap(GenericWrappers.java:578)
	at utils.Reporter.reportStep(Reporter.java:20)
	at utils.Reporter.reportStep(Reporter.java:43)
	at wrappers.GenericWrappers.takeSnap(GenericWrappers.java:578)
	at utils.Reporter.reportStep(Reporter.java:20)
	at utils.Reporter.reportStep(Reporter.java:43)
	at wrappers.GenericWrappers.takeSnap(GenericWrappers.java:578)
	at utils.Reporter.reportStep(Reporter.java:20)
	at utils.Reporter.reportStep(Reporter.java:43)
	at wrappers.GenericWrappers.takeSnap(GenericWrappers.java:578)
	at utils.Reporter.reportStep(Reporter.java:20)
	at utils.Reporter.reportStep(Reporter.java:43)
	at wrappers.GenericWrappers.takeSnap(GenericWrappers.java:578)
	at utils.Reporter.reportStep(Reporter.java:20)
	at utils.Reporter.reportStep(Reporter.java:43)
	at wrappers.GenericWrappers.takeSnap(GenericWrappers.java:578)
	at utils.Reporter.reportStep(Reporter.java:20)
	at utils.Reporter.reportStep(Reporter.java:43)
	at wrappers.GenericWrappers.takeSnap(GenericWrappers.java:578)
	at utils.Reporter.reportStep(Reporter.java:20)
	at utils.Reporter.reportStep(Reporter.java:43)
	at wrappers.GenericWrappers.takeSnap(GenericWrappers.java:578)
	at utils.Reporter.reportStep(Reporter.java:20)
	at utils.Reporter.reportStep(Reporter.java:43)
	at wrappers.GenericWrappers.takeSnap(GenericWrappers.java:578)
	at utils.Reporter.reportStep(Reporter.java:20)
	at utils.Reporter.reportStep(Reporter.java:43)
	at wrappers.GenericWrappers.takeSnap(GenericWrappers.java:578)
	at utils.Reporter.reportStep(Reporter.java:20)
	at utils.Reporter.reportStep(Reporter.java:43)
	at wrappers.GenericWrappers.takeSnap(GenericWrappers.java:578)
	at utils.Reporter.reportStep(Reporter.java:20)
	at utils.Reporter.reportStep(Reporter.java:43)
	at wrappers.GenericWrappers.takeSnap(GenericWrappers.java:578)
	at utils.Reporter.reportStep(Reporter.java:20)
	at utils.Reporter.reportStep(Reporter.java:43)
	at wrappers.GenericWrappers.takeSnap(GenericWrappers.java:578)
	at utils.Reporter.reportStep(Reporter.java:20)
	at utils.Reporter.reportStep(Reporter.java:43)
	at wrappers.GenericWrappers.takeSnap(GenericWrappers.java:578)
	at utils.Reporter.reportStep(Reporter.java:20)
	at utils.Reporter.reportStep(Reporter.java:43)
	at wrappers.GenericWrappers.takeSnap(GenericWrappers.java:578)
	at utils.Reporter.reportStep(Reporter.java:20)
	at utils.Reporter.reportStep(Reporter.java:43)
	at wrappers.GenericWrappers.takeSnap(GenericWrappers.java:578)
	at utils.Reporter.reportStep(Reporter.java:20)
	at utils.Reporter.reportStep(Reporter.java:43)
	at wrappers.GenericWrappers.takeSnap(GenericWrappers.java:578)
	at utils.Reporter.reportStep(Reporter.java:20)
	at utils.Reporter.reportStep(Reporter.java:43)
	at wrappers.GenericWrappers.takeSnap(GenericWrappers.java:578)
	at utils.Reporter.reportStep(Reporter.java:20)
	at utils.Reporter.reportStep(Reporter.java:43)
	at wrappers.GenericWrappers.takeSnap(GenericWrappers.java:578)
	at utils.Reporter.reportStep(Reporter.java:20)
	at utils.Reporter.reportStep(Reporter.java:43)
	at wrappers.GenericWrappers.takeSnap(GenericWrappers.java:578)
	at utils.Reporter.reportStep(Reporter.java:20)
	at utils.Reporter.reportStep(Reporter.java:43)
	at wrappers.GenericWrappers.takeSnap(GenericWrappers.java:578)
	at utils.Reporter.reportStep(Reporter.java:20)
	at utils.Reporter.reportStep(Reporter.java:43)
	at wrappers.GenericWrappers.takeSnap(GenericWrappers.java:578)
	at utils.Reporter.reportStep(Reporter.java:20)
	at utils.Reporter.reportStep(Reporter.java:43)
	at wrappers.GenericWrappers.takeSnap(GenericWrappers.java:578)
	at utils.Reporter.reportStep(Reporter.java:20)
	at utils.Reporter.reportStep(Reporter.java:43)
	at wrappers.GenericWrappers.takeSnap(GenericWrappers.java:578)
	at utils.Reporter.reportStep(Reporter.java:20)
	at utils.Reporter.reportStep(Reporter.java:43)
	at wrappers.GenericWrappers.takeSnap(GenericWrappers.java:578)
	at utils.Reporter.reportStep(Reporter.java:20)
	at utils.Reporter.reportStep(Reporter.java:43)
	at wrappers.GenericWrappers.takeSnap(GenericWrappers.java:578)
	at utils.Reporter.reportStep(Reporter.java:20)
	at utils.Reporter.reportStep(Reporter.java:43)
	at wrappers.GenericWrappers.takeSnap(GenericWrappers.java:578)
	at utils.Reporter.reportStep(Reporter.java:20)
	at utils.Reporter.reportStep(Reporter.java:43)
	at wrappers.GenericWrappers.takeSnap(GenericWrappers.java:578)
	at utils.Reporter.reportStep(Reporter.java:20)
	at utils.Reporter.reportStep(Reporter.java:43)
	at wrappers.GenericWrappers.takeSnap(GenericWrappers.java:578)
	at utils.Reporter.reportStep(Reporter.java:20)
	at utils.Reporter.reportStep(Reporter.java:43)
	at wrappers.GenericWrappers.takeSnap(GenericWrappers.java:578)
	at utils.Reporter.reportStep(Reporter.java:20)
	at utils.Reporter.reportStep(Reporter.java:43)
	at wrappers.GenericWrappers.takeSnap(GenericWrappers.java:578)
	at utils.Reporter.reportStep(Reporter.java:20)
	at utils.Reporter.reportStep(Reporter.java:43)
	at wrappers.GenericWrappers.takeSnap(GenericWrappers.java:578)
	at utils.Reporter.reportStep(Reporter.java:20)
	at utils.Reporter.reportStep(Reporter.java:43)
	at wrappers.GenericWrappers.takeSnap(GenericWrappers.java:578)
	at utils.Reporter.reportStep(Reporter.java:20)
	at utils.Reporter.reportStep(Reporter.java:43)
	at wrappers.GenericWrappers.takeSnap(GenericWrappers.java:578)
	at utils.Reporter.reportStep(Reporter.java:20)
	at utils.Reporter.reportStep(Reporter.java:43)
	at wrappers.GenericWrappers.takeSnap(GenericWrappers.java:578)
	at utils.Reporter.reportStep(Reporter.java:20)
	at utils.Reporter.reportStep(Reporter.java:43)
	at wrappers.GenericWrappers.takeSnap(GenericWrappers.java:578)
	at utils.Reporter.reportStep(Reporter.java:20)
	at utils.Reporter.reportStep(Reporter.java:43)
	at wrappers.GenericWrappers.takeSnap(GenericWrappers.java:578)
	at utils.Reporter.reportStep(Reporter.java:20)
	at utils.Reporter.reportStep(Reporter.java:43)
	at wrappers.GenericWrappers.takeSnap(GenericWrappers.java:578)
	at utils.Reporter.reportStep(Reporter.java:20)
	at utils.Reporter.reportStep(Reporter.java:43)
	at wrappers.GenericWrappers.takeSnap(GenericWrappers.java:578)
	at utils.Reporter.reportStep(Reporter.java:20)
	at utils.Reporter.reportStep(Reporter.java:43)
	at wrappers.GenericWrappers.takeSnap(GenericWrappers.java:578)
	at utils.Reporter.reportStep(Reporter.java:20)
	at utils.Reporter.reportStep(Reporter.java:43)
	at wrappers.GenericWrappers.takeSnap(GenericWrappers.java:578)
	at utils.Reporter.reportStep(Reporter.java:20)
	at utils.Reporter.reportStep(Reporter.java:43)
	at wrappers.GenericWrappers.takeSnap(GenericWrappers.java:578)
	at utils.Reporter.reportStep(Reporter.java:20)
	at utils.Reporter.reportStep(Reporter.java:43)
	at wrappers.GenericWrappers.takeSnap(GenericWrappers.java:578)
	at utils.Reporter.reportStep(Reporter.java:20)
	at utils.Reporter.reportStep(Reporter.java:43)
	at wrappers.GenericWrappers.takeSnap(GenericWrappers.java:578)
	at utils.Reporter.reportStep(Reporter.java:20)
	at utils.Reporter.reportStep(Reporter.java:43)
	at wrappers.GenericWrappers.takeSnap(GenericWrappers.java:578)
	at utils.Reporter.reportStep(Reporter.java:20)
	at utils.Reporter.reportStep(Reporter.java:43)
	at wrappers.GenericWrappers.takeSnap(GenericWrappers.java:578)
	at utils.Reporter.reportStep(Reporter.java:20)
	at utils.Reporter.reportStep(Reporter.java:43)
	at wrappers.GenericWrappers.takeSnap(GenericWrappers.java:578)
	at utils.Reporter.reportStep(Reporter.java:20)
	at utils.Reporter.reportStep(Reporter.java:43)
	at wrappers.GenericWrappers.takeSnap(GenericWrappers.java:578)
	at utils.Reporter.reportStep(Reporter.java:20)
	at utils.Reporter.reportStep(Reporter.java:43)
	at wrappers.GenericWrappers.takeSnap(GenericWrappers.java:578)
	at utils.Reporter.reportStep(Reporter.java:20)
	at utils.Reporter.reportStep(Reporter.java:43)
	at wrappers.GenericWrappers.takeSnap(GenericWrappers.java:578)
	at utils.Reporter.reportStep(Reporter.java:20)
	at utils.Reporter.reportStep(Reporter.java:43)
	at wrappers.GenericWrappers.takeSnap(GenericWrappers.java:578)
	at utils.Reporter.reportStep(Reporter.java:20)
	at utils.Reporter.reportStep(Reporter.java:43)
	at wrappers.GenericWrappers.takeSnap(GenericWrappers.java:578)
	at utils.Reporter.reportStep(Reporter.java:20)
	at utils.Reporter.reportStep(Reporter.java:43)
	at wrappers.GenericWrappers.takeSnap(GenericWrappers.java:578)
	at utils.Reporter.reportStep(Reporter.java:20)
	at utils.Reporter.reportStep(Reporter.java:43)
	at wrappers.GenericWrappers.takeSnap(GenericWrappers.java:578)
	at utils.Reporter.reportStep(Reporter.java:20)
	at utils.Reporter.reportStep(Reporter.java:43)
	at wrappers.GenericWrappers.takeSnap(GenericWrappers.java:578)
	at utils.Reporter.reportStep(Reporter.java:20)
	at utils.Reporter.reportStep(Reporter.java:43)
	at wrappers.GenericWrappers.takeSnap(GenericWrappers.java:578)
	at utils.Reporter.reportStep(Reporter.java:20)
	at utils.Reporter.reportStep(Reporter.java:43)
	at wrappers.GenericWrappers.takeSnap(GenericWrappers.java:578)
	at utils.Reporter.reportStep(Reporter.java:20)
	at utils.Reporter.reportStep(Reporter.java:43)
	at wrappers.GenericWrappers.takeSnap(GenericWrappers.java:578)
	at utils.Reporter.reportStep(Reporter.java:20)
	at utils.Reporter.reportStep(Reporter.java:43)
]]>
            </full-stacktrace>
          </exception> <!-- java.lang.StackOverflowError -->
          <reporter-output>
          </reporter-output>
        </test-method> <!-- loginLogOut -->
        <test-method status="PASS" signature="afterMethod()[pri:0, instance:testcases.TC001_LoginLogOut@ef9176]" name="afterMethod" is-config="true" duration-ms="10" started-at="2018-01-06T19:06:09Z" finished-at="2018-01-06T19:06:09Z">
          <reporter-output>
          </reporter-output>
        </test-method> <!-- afterMethod -->
        <test-method status="PASS" signature="afterTest()[pri:0, instance:testcases.TC001_LoginLogOut@ef9176]" name="afterTest" is-config="true" duration-ms="1" started-at="2018-01-06T19:06:09Z" finished-at="2018-01-06T19:06:09Z">
          <reporter-output>
          </reporter-output>
        </test-method> <!-- afterTest -->
        <test-method status="PASS" signature="afterSuite()[pri:0, instance:testcases.TC001_LoginLogOut@ef9176]" name="afterSuite" is-config="true" duration-ms="631" started-at="2018-01-06T19:06:09Z" finished-at="2018-01-06T19:06:10Z">
          <reporter-output>
          </reporter-output>
        </test-method> <!-- afterSuite -->
      </class> <!-- testcases.TC001_LoginLogOut -->
    </test> <!-- Default test -->
  </suite> <!-- Default suite -->
</testng-results>
